<?xml version="1.0" encoding="UTF-8"?>
<!-- Generated by org.testng.reporters.JUnitReportReporter -->
<testsuite hostname="DESKTOP-S3OQJFC" name="tests.HadlingMultipleWebElements" tests="1" failures="0" timestamp="8 Mar 2021 06:43:52 GMT" time="1.633" errors="0">
  <testcase name="getAllLinksFromFaceBook" time="1.633" classname="tests.HadlingMultipleWebElements"/>
</testsuite> <!-- tests.HadlingMultipleWebElements -->
